{"E:\\Git\\React-Projects\\src\\component\\Body.js": {"path":"E:\\Git\\React-Projects\\src\\component\\Body.js","statementMap":{"0":{"start":{"line":8,"column":13},"end":{"line":118,"column":1}},"1":{"start":{"line":9,"column":50},"end":{"line":9,"column":62}},"2":{"start":{"line":10,"column":38},"end":{"line":10,"column":50}},"3":{"start":{"line":11,"column":56},"end":{"line":11,"column":68}},"4":{"start":{"line":13,"column":33},"end":{"line":13,"column":66}},"5":{"start":{"line":15,"column":2},"end":{"line":19,"column":25}},"6":{"start":{"line":18,"column":4},"end":{"line":18,"column":16}},"7":{"start":{"line":21,"column":20},"end":{"line":30,"column":3}},"8":{"start":{"line":22,"column":21},"end":{"line":24,"column":5}},"9":{"start":{"line":25,"column":17},"end":{"line":25,"column":38}},"10":{"start":{"line":27,"column":4},"end":{"line":29,"column":6}},"11":{"start":{"line":31,"column":23},"end":{"line":36,"column":3}},"12":{"start":{"line":32,"column":31},"end":{"line":34,"column":5}},"13":{"start":{"line":33,"column":6},"end":{"line":33,"column":68}},"14":{"start":{"line":35,"column":4},"end":{"line":35,"column":47}},"15":{"start":{"line":38,"column":23},"end":{"line":38,"column":40}},"16":{"start":{"line":39,"column":2},"end":{"line":40,"column":59}},"17":{"start":{"line":40,"column":4},"end":{"line":40,"column":59}},"18":{"start":{"line":42,"column":40},"end":{"line":42,"column":63}},"19":{"start":{"line":44,"column":2},"end":{"line":46,"column":3}},"20":{"start":{"line":45,"column":4},"end":{"line":45,"column":23}},"21":{"start":{"line":48,"column":2},"end":{"line":117,"column":4}},"22":{"start":{"line":58,"column":14},"end":{"line":58,"column":44}},"23":{"start":{"line":73,"column":35},"end":{"line":75,"column":15}},"24":{"start":{"line":74,"column":25},"end":{"line":74,"column":49}},"25":{"start":{"line":76,"column":14},"end":{"line":76,"column":51}},"26":{"start":{"line":89,"column":29},"end":{"line":89,"column":56}},"27":{"start":{"line":96,"column":14},"end":{"line":102,"column":21}},"28":{"start":{"line":105,"column":14},"end":{"line":113,"column":21}}},"fnMap":{"0":{"name":"(anonymous_0)","decl":{"start":{"line":8,"column":13},"end":{"line":8,"column":14}},"loc":{"start":{"line":8,"column":19},"end":{"line":118,"column":1}},"line":8},"1":{"name":"(anonymous_1)","decl":{"start":{"line":15,"column":12},"end":{"line":15,"column":13}},"loc":{"start":{"line":15,"column":18},"end":{"line":19,"column":3}},"line":15},"2":{"name":"(anonymous_2)","decl":{"start":{"line":21,"column":20},"end":{"line":21,"column":21}},"loc":{"start":{"line":21,"column":32},"end":{"line":30,"column":3}},"line":21},"3":{"name":"(anonymous_3)","decl":{"start":{"line":31,"column":23},"end":{"line":31,"column":24}},"loc":{"start":{"line":31,"column":29},"end":{"line":36,"column":3}},"line":31},"4":{"name":"(anonymous_4)","decl":{"start":{"line":32,"column":55},"end":{"line":32,"column":56}},"loc":{"start":{"line":33,"column":6},"end":{"line":33,"column":68}},"line":33},"5":{"name":"(anonymous_5)","decl":{"start":{"line":57,"column":22},"end":{"line":57,"column":23}},"loc":{"start":{"line":57,"column":29},"end":{"line":59,"column":13}},"line":57},"6":{"name":"(anonymous_6)","decl":{"start":{"line":72,"column":21},"end":{"line":72,"column":22}},"loc":{"start":{"line":72,"column":27},"end":{"line":77,"column":13}},"line":72},"7":{"name":"(anonymous_7)","decl":{"start":{"line":74,"column":16},"end":{"line":74,"column":17}},"loc":{"start":{"line":74,"column":25},"end":{"line":74,"column":49}},"line":74},"8":{"name":"(anonymous_8)","decl":{"start":{"line":89,"column":22},"end":{"line":89,"column":23}},"loc":{"start":{"line":89,"column":29},"end":{"line":89,"column":56}},"line":89},"9":{"name":"(anonymous_9)","decl":{"start":{"line":95,"column":36},"end":{"line":95,"column":37}},"loc":{"start":{"line":96,"column":14},"end":{"line":102,"column":21}},"line":96},"10":{"name":"(anonymous_10)","decl":{"start":{"line":104,"column":33},"end":{"line":104,"column":34}},"loc":{"start":{"line":105,"column":14},"end":{"line":113,"column":21}},"line":105}},"branchMap":{"0":{"loc":{"start":{"line":39,"column":2},"end":{"line":40,"column":59}},"type":"if","locations":[{"start":{"line":39,"column":2},"end":{"line":40,"column":59}},{"start":{},"end":{}}],"line":39},"1":{"loc":{"start":{"line":44,"column":2},"end":{"line":46,"column":3}},"type":"if","locations":[{"start":{"line":44,"column":2},"end":{"line":46,"column":3}},{"start":{},"end":{}}],"line":44},"2":{"loc":{"start":{"line":94,"column":9},"end":{"line":114,"column":14}},"type":"cond-expr","locations":[{"start":{"line":95,"column":12},"end":{"line":103,"column":14}},{"start":{"line":104,"column":12},"end":{"line":114,"column":14}}],"line":94}},"s":{"0":1,"1":9,"2":9,"3":9,"4":9,"5":9,"6":4,"7":9,"8":4,"9":4,"10":4,"11":9,"12":1,"13":9,"14":1,"15":9,"16":9,"17":0,"18":9,"19":9,"20":2,"21":7,"22":1,"23":1,"24":9,"25":1,"26":0,"27":9,"28":45},"f":{"0":9,"1":4,"2":4,"3":1,"4":9,"5":1,"6":1,"7":9,"8":0,"9":9,"10":45},"b":{"0":[0,9],"1":[2,7],"2":[2,5]},"_coverageSchema":"1a1c01bbd47fc00a2c39e90264f33305004495a9","hash":"2ec3cf655f855b99579b012f992dbd9f666a431c"}
,"E:\\Git\\React-Projects\\src\\component\\Contact.js": {"path":"E:\\Git\\React-Projects\\src\\component\\Contact.js","statementMap":{"0":{"start":{"line":3,"column":16},"end":{"line":24,"column":1}},"1":{"start":{"line":4,"column":2},"end":{"line":23,"column":4}}},"fnMap":{"0":{"name":"(anonymous_0)","decl":{"start":{"line":3,"column":16},"end":{"line":3,"column":17}},"loc":{"start":{"line":3,"column":22},"end":{"line":24,"column":1}},"line":3}},"branchMap":{},"s":{"0":1,"1":4},"f":{"0":4},"b":{},"_coverageSchema":"1a1c01bbd47fc00a2c39e90264f33305004495a9","hash":"b728de4d35de4a59318c7eaa64b2cbdd7e2e29d4"}
,"E:\\Git\\React-Projects\\src\\component\\Header.js": {"path":"E:\\Git\\React-Projects\\src\\component\\Header.js","statementMap":{"0":{"start":{"line":8,"column":15},"end":{"line":64,"column":1}},"1":{"start":{"line":9,"column":32},"end":{"line":9,"column":49}},"2":{"start":{"line":11,"column":23},"end":{"line":11,"column":40}},"3":{"start":{"line":14,"column":27},"end":{"line":14,"column":50}},"4":{"start":{"line":18,"column":20},"end":{"line":18,"column":60}},"5":{"start":{"line":18,"column":43},"end":{"line":18,"column":59}},"6":{"start":{"line":21,"column":2},"end":{"line":23,"column":16}},"7":{"start":{"line":24,"column":2},"end":{"line":63,"column":4}},"8":{"start":{"line":53,"column":14},"end":{"line":53,"column":79}}},"fnMap":{"0":{"name":"(anonymous_0)","decl":{"start":{"line":8,"column":15},"end":{"line":8,"column":16}},"loc":{"start":{"line":8,"column":21},"end":{"line":64,"column":1}},"line":8},"1":{"name":"(anonymous_1)","decl":{"start":{"line":18,"column":32},"end":{"line":18,"column":33}},"loc":{"start":{"line":18,"column":43},"end":{"line":18,"column":59}},"line":18},"2":{"name":"(anonymous_2)","decl":{"start":{"line":21,"column":12},"end":{"line":21,"column":13}},"loc":{"start":{"line":21,"column":18},"end":{"line":23,"column":3}},"line":21},"3":{"name":"(anonymous_3)","decl":{"start":{"line":52,"column":21},"end":{"line":52,"column":22}},"loc":{"start":{"line":52,"column":27},"end":{"line":54,"column":13}},"line":52}},"branchMap":{"0":{"loc":{"start":{"line":31,"column":47},"end":{"line":31,"column":73}},"type":"cond-expr","locations":[{"start":{"line":31,"column":62},"end":{"line":31,"column":66}},{"start":{"line":31,"column":69},"end":{"line":31,"column":73}}],"line":31},"1":{"loc":{"start":{"line":53,"column":14},"end":{"line":53,"column":78}},"type":"cond-expr","locations":[{"start":{"line":53,"column":36},"end":{"line":53,"column":56}},{"start":{"line":53,"column":59},"end":{"line":53,"column":78}}],"line":53}},"s":{"0":2,"1":5,"2":5,"3":5,"4":5,"5":9,"6":5,"7":5,"8":1},"f":{"0":5,"1":9,"2":4,"3":1},"b":{"0":[5,0],"1":[1,0]},"_coverageSchema":"1a1c01bbd47fc00a2c39e90264f33305004495a9","hash":"1a5a970bfb0560270dc46c1531eba37a55207ca3"}
,"E:\\Git\\React-Projects\\src\\component\\ItemList.js": {"path":"E:\\Git\\React-Projects\\src\\component\\ItemList.js","statementMap":{"0":{"start":{"line":5,"column":17},"end":{"line":49,"column":1}},"1":{"start":{"line":9,"column":19},"end":{"line":9,"column":32}},"2":{"start":{"line":11,"column":24},"end":{"line":13,"column":3}},"3":{"start":{"line":12,"column":4},"end":{"line":12,"column":28}},"4":{"start":{"line":14,"column":2},"end":{"line":48,"column":4}},"5":{"start":{"line":17,"column":8},"end":{"line":45,"column":14}},"6":{"start":{"line":38,"column":31},"end":{"line":38,"column":50}}},"fnMap":{"0":{"name":"(anonymous_0)","decl":{"start":{"line":5,"column":17},"end":{"line":5,"column":18}},"loc":{"start":{"line":5,"column":39},"end":{"line":49,"column":1}},"line":5},"1":{"name":"(anonymous_1)","decl":{"start":{"line":11,"column":24},"end":{"line":11,"column":25}},"loc":{"start":{"line":11,"column":34},"end":{"line":13,"column":3}},"line":11},"2":{"name":"(anonymous_2)","decl":{"start":{"line":16,"column":17},"end":{"line":16,"column":18}},"loc":{"start":{"line":17,"column":8},"end":{"line":45,"column":14}},"line":17},"3":{"name":"(anonymous_3)","decl":{"start":{"line":38,"column":25},"end":{"line":38,"column":26}},"loc":{"start":{"line":38,"column":31},"end":{"line":38,"column":50}},"line":38}},"branchMap":{"0":{"loc":{"start":{"line":27,"column":17},"end":{"line":29,"column":53}},"type":"cond-expr","locations":[{"start":{"line":28,"column":20},"end":{"line":28,"column":46}},{"start":{"line":29,"column":20},"end":{"line":29,"column":53}}],"line":27}},"s":{"0":1,"1":1,"2":1,"3":1,"4":1,"5":22,"6":1},"f":{"0":1,"1":1,"2":22,"3":1},"b":{"0":[22,0]},"_coverageSchema":"1a1c01bbd47fc00a2c39e90264f33305004495a9","hash":"113f60c6ff6054f03df14b71155b2a07b4cd6f0a"}
,"E:\\Git\\React-Projects\\src\\component\\RestaurantCard.js": {"path":"E:\\Git\\React-Projects\\src\\component\\RestaurantCard.js","statementMap":{"0":{"start":{"line":5,"column":23},"end":{"line":31,"column":1}},"1":{"start":{"line":6,"column":22},"end":{"line":6,"column":27}},"2":{"start":{"line":8,"column":27},"end":{"line":8,"column":50}},"3":{"start":{"line":11,"column":4},"end":{"line":11,"column":11}},"4":{"start":{"line":13,"column":2},"end":{"line":30,"column":4}},"5":{"start":{"line":33,"column":33},"end":{"line":42,"column":1}},"6":{"start":{"line":34,"column":2},"end":{"line":41,"column":4}},"7":{"start":{"line":35,"column":4},"end":{"line":40,"column":6}}},"fnMap":{"0":{"name":"(anonymous_0)","decl":{"start":{"line":5,"column":23},"end":{"line":5,"column":24}},"loc":{"start":{"line":5,"column":34},"end":{"line":31,"column":1}},"line":5},"1":{"name":"(anonymous_1)","decl":{"start":{"line":33,"column":33},"end":{"line":33,"column":34}},"loc":{"start":{"line":33,"column":53},"end":{"line":42,"column":1}},"line":33},"2":{"name":"(anonymous_2)","decl":{"start":{"line":34,"column":9},"end":{"line":34,"column":10}},"loc":{"start":{"line":34,"column":20},"end":{"line":41,"column":3}},"line":34}},"branchMap":{},"s":{"0":2,"1":37,"2":37,"3":37,"4":37,"5":2,"6":9,"7":0},"f":{"0":37,"1":9,"2":0},"b":{},"_coverageSchema":"1a1c01bbd47fc00a2c39e90264f33305004495a9","hash":"12e3e9075792e410c36ab02dfc08f634cbf94ba1"}
,"E:\\Git\\React-Projects\\src\\component\\RestaurantCategory.js": {"path":"E:\\Git\\React-Projects\\src\\component\\RestaurantCategory.js","statementMap":{"0":{"start":{"line":4,"column":27},"end":{"line":25,"column":1}},"1":{"start":{"line":5,"column":22},"end":{"line":7,"column":3}},"2":{"start":{"line":6,"column":4},"end":{"line":6,"column":19}},"3":{"start":{"line":9,"column":2},"end":{"line":24,"column":4}}},"fnMap":{"0":{"name":"(anonymous_0)","decl":{"start":{"line":4,"column":27},"end":{"line":4,"column":28}},"loc":{"start":{"line":4,"column":73},"end":{"line":25,"column":1}},"line":4},"1":{"name":"(anonymous_1)","decl":{"start":{"line":5,"column":22},"end":{"line":5,"column":23}},"loc":{"start":{"line":5,"column":28},"end":{"line":7,"column":3}},"line":5}},"branchMap":{"0":{"loc":{"start":{"line":22,"column":7},"end":{"line":22,"column":69}},"type":"binary-expr","locations":[{"start":{"line":22,"column":7},"end":{"line":22,"column":16}},{"start":{"line":22,"column":20},"end":{"line":22,"column":69}}],"line":22}},"s":{"0":1,"1":24,"2":1,"3":24},"f":{"0":24,"1":1},"b":{"0":[24,1]},"_coverageSchema":"1a1c01bbd47fc00a2c39e90264f33305004495a9","hash":"16c69e2ff0440c126355254116f5d1b473e6e2b7"}
,"E:\\Git\\React-Projects\\src\\component\\RestaurantMenu.js": {"path":"E:\\Git\\React-Projects\\src\\component\\RestaurantMenu.js","statementMap":{"0":{"start":{"line":7,"column":23},"end":{"line":61,"column":1}},"1":{"start":{"line":8,"column":32},"end":{"line":8,"column":46}},"2":{"start":{"line":10,"column":36},"end":{"line":10,"column":50}},"3":{"start":{"line":12,"column":20},"end":{"line":12,"column":31}},"4":{"start":{"line":14,"column":16},"end":{"line":14,"column":28}},"5":{"start":{"line":16,"column":2},"end":{"line":18,"column":9}},"6":{"start":{"line":17,"column":4},"end":{"line":17,"column":16}},"7":{"start":{"line":20,"column":20},"end":{"line":24,"column":3}},"8":{"start":{"line":21,"column":17},"end":{"line":21,"column":46}},"9":{"start":{"line":22,"column":17},"end":{"line":22,"column":34}},"10":{"start":{"line":23,"column":4},"end":{"line":23,"column":26}},"11":{"start":{"line":26,"column":2},"end":{"line":26,"column":43}},"12":{"start":{"line":26,"column":24},"end":{"line":26,"column":43}},"13":{"start":{"line":29,"column":4},"end":{"line":29,"column":39}},"14":{"start":{"line":32,"column":4},"end":{"line":32,"column":79}},"15":{"start":{"line":35,"column":4},"end":{"line":39,"column":5}},"16":{"start":{"line":37,"column":8},"end":{"line":38,"column":70}},"17":{"start":{"line":42,"column":2},"end":{"line":60,"column":4}},"18":{"start":{"line":51,"column":8},"end":{"line":57,"column":10}},"19":{"start":{"line":55,"column":30},"end":{"line":55,"column":49}}},"fnMap":{"0":{"name":"(anonymous_0)","decl":{"start":{"line":7,"column":23},"end":{"line":7,"column":24}},"loc":{"start":{"line":7,"column":29},"end":{"line":61,"column":1}},"line":7},"1":{"name":"(anonymous_1)","decl":{"start":{"line":16,"column":12},"end":{"line":16,"column":13}},"loc":{"start":{"line":16,"column":18},"end":{"line":18,"column":3}},"line":16},"2":{"name":"(anonymous_2)","decl":{"start":{"line":20,"column":20},"end":{"line":20,"column":21}},"loc":{"start":{"line":20,"column":32},"end":{"line":24,"column":3}},"line":20},"3":{"name":"(anonymous_3)","decl":{"start":{"line":36,"column":6},"end":{"line":36,"column":7}},"loc":{"start":{"line":37,"column":8},"end":{"line":38,"column":70}},"line":37},"4":{"name":"(anonymous_4)","decl":{"start":{"line":50,"column":22},"end":{"line":50,"column":23}},"loc":{"start":{"line":51,"column":8},"end":{"line":57,"column":10}},"line":51},"5":{"name":"(anonymous_5)","decl":{"start":{"line":55,"column":24},"end":{"line":55,"column":25}},"loc":{"start":{"line":55,"column":30},"end":{"line":55,"column":49}},"line":55}},"branchMap":{"0":{"loc":{"start":{"line":26,"column":2},"end":{"line":26,"column":43}},"type":"if","locations":[{"start":{"line":26,"column":2},"end":{"line":26,"column":43}},{"start":{},"end":{}}],"line":26},"1":{"loc":{"start":{"line":54,"column":21},"end":{"line":54,"column":55}},"type":"cond-expr","locations":[{"start":{"line":54,"column":43},"end":{"line":54,"column":47}},{"start":{"line":54,"column":50},"end":{"line":54,"column":55}}],"line":54}},"s":{"0":1,"1":3,"2":3,"3":3,"4":3,"5":3,"6":1,"7":3,"8":1,"9":1,"10":1,"11":3,"12":1,"13":2,"14":2,"15":2,"16":34,"17":2,"18":24,"19":1},"f":{"0":3,"1":1,"2":1,"3":34,"4":24,"5":1},"b":{"0":[1,2],"1":[1,23]},"_coverageSchema":"1a1c01bbd47fc00a2c39e90264f33305004495a9","hash":"7cdcfd3bcf38f6ed87c2315eaa8a749fc0c89ea8"}
,"E:\\Git\\React-Projects\\src\\component\\Shimmer.js": {"path":"E:\\Git\\React-Projects\\src\\component\\Shimmer.js","statementMap":{"0":{"start":{"line":1,"column":16},"end":{"line":18,"column":1}},"1":{"start":{"line":2,"column":2},"end":{"line":17,"column":4}}},"fnMap":{"0":{"name":"(anonymous_0)","decl":{"start":{"line":1,"column":16},"end":{"line":1,"column":17}},"loc":{"start":{"line":1,"column":22},"end":{"line":18,"column":1}},"line":1}},"branchMap":{},"s":{"0":2,"1":3},"f":{"0":3},"b":{},"_coverageSchema":"1a1c01bbd47fc00a2c39e90264f33305004495a9","hash":"2b90335f1b75f04b6a8eec6b7dbf8721c42c4788"}
,"E:\\Git\\React-Projects\\src\\component\\sum.js": {"path":"E:\\Git\\React-Projects\\src\\component\\sum.js","statementMap":{"0":{"start":{"line":1,"column":19},"end":{"line":3,"column":1}},"1":{"start":{"line":2,"column":2},"end":{"line":2,"column":15}}},"fnMap":{"0":{"name":"(anonymous_0)","decl":{"start":{"line":1,"column":19},"end":{"line":1,"column":20}},"loc":{"start":{"line":1,"column":29},"end":{"line":3,"column":1}},"line":1}},"branchMap":{},"s":{"0":1,"1":1},"f":{"0":1},"b":{},"_coverageSchema":"1a1c01bbd47fc00a2c39e90264f33305004495a9","hash":"4a1a8d4d370ad713661207e4b226549b9fc7eaeb"}
,"E:\\Git\\React-Projects\\src\\utils\\UserContext.js": {"path":"E:\\Git\\React-Projects\\src\\utils\\UserContext.js","statementMap":{"0":{"start":{"line":3,"column":20},"end":{"line":5,"column":2}}},"fnMap":{},"branchMap":{},"s":{"0":4},"f":{},"b":{},"_coverageSchema":"1a1c01bbd47fc00a2c39e90264f33305004495a9","hash":"fdbe9706c5fdd2db83fb3e7e0a9a82965604d682"}
,"E:\\Git\\React-Projects\\src\\utils\\appStore.js": {"path":"E:\\Git\\React-Projects\\src\\utils\\appStore.js","statementMap":{"0":{"start":{"line":4,"column":17},"end":{"line":8,"column":2}}},"fnMap":{},"branchMap":{},"s":{"0":2},"f":{},"b":{},"_coverageSchema":"1a1c01bbd47fc00a2c39e90264f33305004495a9","hash":"6ef32afc41fe4c89974552da5f8e25f1293e2de4"}
,"E:\\Git\\React-Projects\\src\\utils\\cartSlice.js": {"path":"E:\\Git\\React-Projects\\src\\utils\\cartSlice.js","statementMap":{"0":{"start":{"line":3,"column":18},"end":{"line":20,"column":2}},"1":{"start":{"line":11,"column":6},"end":{"line":11,"column":39}},"2":{"start":{"line":14,"column":6},"end":{"line":14,"column":24}},"3":{"start":{"line":17,"column":6},"end":{"line":17,"column":29}},"4":{"start":{"line":22,"column":50},"end":{"line":22,"column":67}}},"fnMap":{"0":{"name":"(anonymous_0)","decl":{"start":{"line":9,"column":13},"end":{"line":9,"column":14}},"loc":{"start":{"line":9,"column":32},"end":{"line":12,"column":5}},"line":9},"1":{"name":"(anonymous_1)","decl":{"start":{"line":13,"column":16},"end":{"line":13,"column":17}},"loc":{"start":{"line":13,"column":35},"end":{"line":15,"column":5}},"line":13},"2":{"name":"(anonymous_2)","decl":{"start":{"line":16,"column":15},"end":{"line":16,"column":16}},"loc":{"start":{"line":16,"column":34},"end":{"line":18,"column":5}},"line":16}},"branchMap":{},"s":{"0":2,"1":1,"2":0,"3":0,"4":2},"f":{"0":1,"1":0,"2":0},"b":{},"_coverageSchema":"1a1c01bbd47fc00a2c39e90264f33305004495a9","hash":"413acfa733a8b205587211378a1e1e0c517397be"}
,"E:\\Git\\React-Projects\\src\\utils\\constants.js": {"path":"E:\\Git\\React-Projects\\src\\utils\\constants.js","statementMap":{"0":{"start":{"line":2,"column":2},"end":{"line":2,"column":85}},"1":{"start":{"line":4,"column":2},"end":{"line":4,"column":104}},"2":{"start":{"line":6,"column":2},"end":{"line":6,"column":124}}},"fnMap":{},"branchMap":{},"s":{"0":4,"1":4,"2":4},"f":{},"b":{},"_coverageSchema":"1a1c01bbd47fc00a2c39e90264f33305004495a9","hash":"8b68b71cb0dcc7ab25b472d74805fe60ac9a57a0"}
,"E:\\Git\\React-Projects\\src\\utils\\useOnlineStatus.js": {"path":"E:\\Git\\React-Projects\\src\\utils\\useOnlineStatus.js","statementMap":{"0":{"start":{"line":3,"column":24},"end":{"line":17,"column":1}},"1":{"start":{"line":4,"column":42},"end":{"line":4,"column":56}},"2":{"start":{"line":6,"column":2},"end":{"line":13,"column":9}},"3":{"start":{"line":7,"column":4},"end":{"line":9,"column":7}},"4":{"start":{"line":8,"column":6},"end":{"line":8,"column":29}},"5":{"start":{"line":10,"column":4},"end":{"line":12,"column":7}},"6":{"start":{"line":11,"column":6},"end":{"line":11,"column":28}},"7":{"start":{"line":16,"column":2},"end":{"line":16,"column":22}}},"fnMap":{"0":{"name":"(anonymous_0)","decl":{"start":{"line":3,"column":24},"end":{"line":3,"column":25}},"loc":{"start":{"line":3,"column":30},"end":{"line":17,"column":1}},"line":3},"1":{"name":"(anonymous_1)","decl":{"start":{"line":6,"column":12},"end":{"line":6,"column":13}},"loc":{"start":{"line":6,"column":18},"end":{"line":13,"column":3}},"line":6},"2":{"name":"(anonymous_2)","decl":{"start":{"line":7,"column":39},"end":{"line":7,"column":40}},"loc":{"start":{"line":7,"column":45},"end":{"line":9,"column":5}},"line":7},"3":{"name":"(anonymous_3)","decl":{"start":{"line":10,"column":38},"end":{"line":10,"column":39}},"loc":{"start":{"line":10,"column":44},"end":{"line":12,"column":5}},"line":10}},"branchMap":{},"s":{"0":3,"1":14,"2":14,"3":5,"4":0,"5":5,"6":0,"7":14},"f":{"0":14,"1":5,"2":0,"3":0},"b":{},"_coverageSchema":"1a1c01bbd47fc00a2c39e90264f33305004495a9","hash":"8cbbba7874ae8fc956f06ce9346de27a074726b8"}
}
