TN:
SF:src\component\Contact.js
FN:3,(anonymous_0)
FNF:1
FNH:1
FNDA:4,(anonymous_0)
DA:3,1
DA:4,4
LF:2
LH:2
BRF:0
BRH:0
end_of_record
TN:
SF:src\component\Header.js
FN:8,(anonymous_0)
FN:18,(anonymous_1)
FN:21,(anonymous_2)
FN:52,(anonymous_3)
FNF:4
FNH:4
FNDA:3,(anonymous_0)
FNDA:5,(anonymous_1)
FNDA:3,(anonymous_2)
FNDA:1,(anonymous_3)
DA:8,1
DA:9,3
DA:11,3
DA:14,3
DA:18,5
DA:21,3
DA:24,3
DA:53,1
LF:8
LH:8
BRDA:31,0,0,3
BRDA:31,0,1,0
BRDA:53,1,0,1
BRDA:53,1,1,0
BRF:4
BRH:2
end_of_record
TN:
SF:src\component\RestaurantCard.js
FN:5,(anonymous_0)
FN:30,(anonymous_1)
FN:31,(anonymous_2)
FNF:3
FNH:1
FNDA:1,(anonymous_0)
FNDA:0,(anonymous_1)
FNDA:0,(anonymous_2)
DA:5,1
DA:6,1
DA:8,1
DA:11,1
DA:13,1
DA:30,1
DA:31,0
DA:32,0
LF:8
LH:6
BRF:0
BRH:0
end_of_record
TN:
SF:src\component\sum.js
FN:1,(anonymous_0)
FNF:1
FNH:1
FNDA:1,(anonymous_0)
DA:1,1
DA:2,1
LF:2
LH:2
BRF:0
BRH:0
end_of_record
TN:
SF:src\utils\UserContext.js
FNF:0
FNH:0
DA:3,2
LF:1
LH:1
BRF:0
BRH:0
end_of_record
TN:
SF:src\utils\appStore.js
FNF:0
FNH:0
DA:4,1
LF:1
LH:1
BRF:0
BRH:0
end_of_record
TN:
SF:src\utils\cartSlice.js
FN:9,(anonymous_0)
FN:13,(anonymous_1)
FN:16,(anonymous_2)
FNF:3
FNH:0
FNDA:0,(anonymous_0)
FNDA:0,(anonymous_1)
FNDA:0,(anonymous_2)
DA:3,1
DA:11,0
DA:14,0
DA:17,0
DA:22,1
LF:5
LH:2
BRF:0
BRH:0
end_of_record
TN:
SF:src\utils\constants.js
FNF:0
FNH:0
DA:2,2
DA:4,2
DA:6,2
LF:3
LH:3
BRF:0
BRH:0
end_of_record
TN:
SF:src\utils\useOnlineStatus.js
FN:3,(anonymous_0)
FN:6,(anonymous_1)
FN:7,(anonymous_2)
FN:10,(anonymous_3)
FNF:4
FNH:2
FNDA:3,(anonymous_0)
FNDA:2,(anonymous_1)
FNDA:0,(anonymous_2)
FNDA:0,(anonymous_3)
DA:3,1
DA:4,3
DA:6,3
DA:7,2
DA:8,0
DA:10,2
DA:11,0
DA:16,3
LF:8
LH:6
BRF:0
BRH:0
end_of_record
