TN:
SF:src\component\Body.js
FN:8,(anonymous_0)
FN:15,(anonymous_1)
FN:21,(anonymous_2)
FN:31,(anonymous_3)
FN:32,(anonymous_4)
FN:57,(anonymous_5)
FN:72,(anonymous_6)
FN:74,(anonymous_7)
FN:89,(anonymous_8)
FN:95,(anonymous_9)
FN:104,(anonymous_10)
FNF:11
FNH:10
FNDA:9,(anonymous_0)
FNDA:4,(anonymous_1)
FNDA:4,(anonymous_2)
FNDA:1,(anonymous_3)
FNDA:9,(anonymous_4)
FNDA:1,(anonymous_5)
FNDA:1,(anonymous_6)
FNDA:9,(anonymous_7)
FNDA:0,(anonymous_8)
FNDA:9,(anonymous_9)
FNDA:45,(anonymous_10)
DA:8,1
DA:9,9
DA:10,9
DA:11,9
DA:13,9
DA:15,9
DA:18,4
DA:21,9
DA:22,4
DA:25,4
DA:27,4
DA:31,9
DA:32,1
DA:33,9
DA:35,1
DA:38,9
DA:39,9
DA:40,0
DA:42,9
DA:44,9
DA:45,2
DA:48,7
DA:58,1
DA:73,1
DA:74,9
DA:76,1
DA:89,0
DA:96,9
DA:105,45
LF:29
LH:27
BRDA:39,0,0,0
BRDA:39,0,1,9
BRDA:44,1,0,2
BRDA:44,1,1,7
BRDA:94,2,0,2
BRDA:94,2,1,5
BRF:6
BRH:5
end_of_record
TN:
SF:src\component\Contact.js
FN:3,(anonymous_0)
FNF:1
FNH:1
FNDA:4,(anonymous_0)
DA:3,1
DA:4,4
LF:2
LH:2
BRF:0
BRH:0
end_of_record
TN:
SF:src\component\Header.js
FN:8,(anonymous_0)
FN:18,(anonymous_1)
FN:21,(anonymous_2)
FN:52,(anonymous_3)
FNF:4
FNH:4
FNDA:5,(anonymous_0)
FNDA:9,(anonymous_1)
FNDA:4,(anonymous_2)
FNDA:1,(anonymous_3)
DA:8,2
DA:9,5
DA:11,5
DA:14,5
DA:18,9
DA:21,5
DA:24,5
DA:53,1
LF:8
LH:8
BRDA:31,0,0,5
BRDA:31,0,1,0
BRDA:53,1,0,1
BRDA:53,1,1,0
BRF:4
BRH:2
end_of_record
TN:
SF:src\component\ItemList.js
FN:5,(anonymous_0)
FN:11,(anonymous_1)
FN:16,(anonymous_2)
FN:38,(anonymous_3)
FNF:4
FNH:4
FNDA:1,(anonymous_0)
FNDA:1,(anonymous_1)
FNDA:22,(anonymous_2)
FNDA:1,(anonymous_3)
DA:5,1
DA:9,1
DA:11,1
DA:12,1
DA:14,1
DA:17,22
DA:38,1
LF:7
LH:7
BRDA:27,0,0,22
BRDA:27,0,1,0
BRF:2
BRH:1
end_of_record
TN:
SF:src\component\RestaurantCard.js
FN:5,(anonymous_0)
FN:33,(anonymous_1)
FN:34,(anonymous_2)
FNF:3
FNH:2
FNDA:37,(anonymous_0)
FNDA:9,(anonymous_1)
FNDA:0,(anonymous_2)
DA:5,2
DA:6,37
DA:8,37
DA:11,37
DA:13,37
DA:33,2
DA:34,9
DA:35,0
LF:8
LH:7
BRF:0
BRH:0
end_of_record
TN:
SF:src\component\RestaurantCategory.js
FN:4,(anonymous_0)
FN:5,(anonymous_1)
FNF:2
FNH:2
FNDA:24,(anonymous_0)
FNDA:1,(anonymous_1)
DA:4,1
DA:5,24
DA:6,1
DA:9,24
LF:4
LH:4
BRDA:22,0,0,24
BRDA:22,0,1,1
BRF:2
BRH:2
end_of_record
TN:
SF:src\component\RestaurantMenu.js
FN:7,(anonymous_0)
FN:16,(anonymous_1)
FN:20,(anonymous_2)
FN:36,(anonymous_3)
FN:50,(anonymous_4)
FN:55,(anonymous_5)
FNF:6
FNH:6
FNDA:3,(anonymous_0)
FNDA:1,(anonymous_1)
FNDA:1,(anonymous_2)
FNDA:34,(anonymous_3)
FNDA:24,(anonymous_4)
FNDA:1,(anonymous_5)
DA:7,1
DA:8,3
DA:10,3
DA:12,3
DA:14,3
DA:16,3
DA:17,1
DA:20,3
DA:21,1
DA:22,1
DA:23,1
DA:26,3
DA:29,2
DA:32,2
DA:35,2
DA:37,34
DA:42,2
DA:51,24
DA:55,1
LF:19
LH:19
BRDA:26,0,0,1
BRDA:26,0,1,2
BRDA:54,1,0,1
BRDA:54,1,1,23
BRF:4
BRH:4
end_of_record
TN:
SF:src\component\Shimmer.js
FN:1,(anonymous_0)
FNF:1
FNH:1
FNDA:3,(anonymous_0)
DA:1,2
DA:2,3
LF:2
LH:2
BRF:0
BRH:0
end_of_record
TN:
SF:src\component\sum.js
FN:1,(anonymous_0)
FNF:1
FNH:1
FNDA:1,(anonymous_0)
DA:1,1
DA:2,1
LF:2
LH:2
BRF:0
BRH:0
end_of_record
TN:
SF:src\utils\UserContext.js
FNF:0
FNH:0
DA:3,4
LF:1
LH:1
BRF:0
BRH:0
end_of_record
TN:
SF:src\utils\appStore.js
FNF:0
FNH:0
DA:4,2
LF:1
LH:1
BRF:0
BRH:0
end_of_record
TN:
SF:src\utils\cartSlice.js
FN:9,(anonymous_0)
FN:13,(anonymous_1)
FN:16,(anonymous_2)
FNF:3
FNH:1
FNDA:1,(anonymous_0)
FNDA:0,(anonymous_1)
FNDA:0,(anonymous_2)
DA:3,2
DA:11,1
DA:14,0
DA:17,0
DA:22,2
LF:5
LH:3
BRF:0
BRH:0
end_of_record
TN:
SF:src\utils\constants.js
FNF:0
FNH:0
DA:2,4
DA:4,4
DA:6,4
LF:3
LH:3
BRF:0
BRH:0
end_of_record
TN:
SF:src\utils\useOnlineStatus.js
FN:3,(anonymous_0)
FN:6,(anonymous_1)
FN:7,(anonymous_2)
FN:10,(anonymous_3)
FNF:4
FNH:2
FNDA:14,(anonymous_0)
FNDA:5,(anonymous_1)
FNDA:0,(anonymous_2)
FNDA:0,(anonymous_3)
DA:3,3
DA:4,14
DA:6,14
DA:7,5
DA:8,0
DA:10,5
DA:11,0
DA:16,14
LF:8
LH:6
BRF:0
BRH:0
end_of_record
